<?xml version="1.0" encoding="UTF-8"?>
<!-- Generated by org.testng.reporters.JUnitXMLReporter -->
<testsuite hostname="DESKTOP-6E7BQPE" name="Surefire test" tests="3" failures="0" timestamp="8 Nov 2017 13:24:06 GMT" time="1.38" errors="0">
  <testcase name="testHasMatchUser" time="0.026" classname="com.smart.lajim.service.UserServiceTest"/>
  <testcase name="testAddLoginLog" time="0.051" classname="com.smart.lajim.service.UserServiceTest"/>
  <testcase name="testFindUserByUserName" time="0.112" classname="com.smart.lajim.service.UserServiceTest"/>
</testsuite> <!-- Surefire test -->
