<?xml version="1.0" encoding="UTF-8"?>
<testsuite name="com.smart.lajim.service.UserServiceTest" time="0.196" tests="3" errors="0" skipped="0" failures="0">
  <properties>
[...]
</properties>
  <testcase name="testHasMatchUser" classname="com.smart.lajim.service.UserServiceTest" time="0.029"/>
  <testcase name="testAddLoginLog" classname="com.smart.lajim.service.UserServiceTest" time="0.055"/>
  <testcase name="testFindUserByUserName" classname="com.smart.lajim.service.UserServiceTest" time="0.112"/>
</testsuite>