<?xml version="1.0" encoding="UTF-8"?>
<testng-results skipped="0" failed="0" total="3" passed="3">
  <reporter-output>
  </reporter-output>
  <suite name="Surefire suite" duration-ms="1380" started-at="2017-11-08T13:24:05Z" finished-at="2017-11-08T13:24:06Z">
    <groups>
    </groups>
    <test name="Surefire test" duration-ms="1380" started-at="2017-11-08T13:24:05Z" finished-at="2017-11-08T13:24:06Z">
      <class name="com.smart.lajim.service.UserServiceTest">
        <test-method status="PASS" signature="springTestContextBeforeTestClass()[pri:0, instance:com.smart.lajim.service.UserServiceTest@2b552920]" name="springTestContextBeforeTestClass" is-config="true" duration-ms="8" started-at="2017-11-08T21:24:05Z" finished-at="2017-11-08T21:24:05Z">
          <reporter-output>
          </reporter-output>
        </test-method> <!-- springTestContextBeforeTestClass -->
        <test-method status="PASS" signature="springTestContextPrepareTestInstance()[pri:0, instance:com.smart.lajim.service.UserServiceTest@2b552920]" name="springTestContextPrepareTestInstance" is-config="true" duration-ms="925" started-at="2017-11-08T21:24:05Z" depends-on-methods="org.springframework.test.context.testng.AbstractTestNGSpringContextTests.springTestContextBeforeTestClass" finished-at="2017-11-08T21:24:06Z">
          <reporter-output>
          </reporter-output>
        </test-method> <!-- springTestContextPrepareTestInstance -->
        <test-method status="PASS" signature="springTestContextBeforeTestMethod(java.lang.reflect.Method)[pri:0, instance:com.smart.lajim.service.UserServiceTest@2b552920]" name="springTestContextBeforeTestMethod" is-config="true" duration-ms="307" started-at="2017-11-08T21:24:06Z" finished-at="2017-11-08T21:24:06Z">
          <params>
            <param index="0">
              <value>
                <![CDATA[public void com.smart.lajim.service.UserServiceTest.testFindUserByUserName() throws java.lang.Exception]]>
              </value>
            </param>
          </params>
          <reporter-output>
          </reporter-output>
        </test-method> <!-- springTestContextBeforeTestMethod -->
        <test-method status="PASS" signature="springTestContextBeforeTestMethod(java.lang.reflect.Method)[pri:0, instance:com.smart.lajim.service.UserServiceTest@2b552920]" name="springTestContextBeforeTestMethod" is-config="true" duration-ms="307" started-at="2017-11-08T21:24:06Z" finished-at="2017-11-08T21:24:06Z">
          <params>
            <param index="0">
              <value>
                <![CDATA[public void com.smart.lajim.service.UserServiceTest.testHasMatchUser()]]>
              </value>
            </param>
          </params>
          <reporter-output>
          </reporter-output>
        </test-method> <!-- springTestContextBeforeTestMethod -->
        <test-method status="PASS" signature="springTestContextBeforeTestMethod(java.lang.reflect.Method)[pri:0, instance:com.smart.lajim.service.UserServiceTest@2b552920]" name="springTestContextBeforeTestMethod" is-config="true" duration-ms="307" started-at="2017-11-08T21:24:06Z" finished-at="2017-11-08T21:24:06Z">
          <params>
            <param index="0">
              <value>
                <![CDATA[public void com.smart.lajim.service.UserServiceTest.testAddLoginLog()]]>
              </value>
            </param>
          </params>
          <reporter-output>
          </reporter-output>
        </test-method> <!-- springTestContextBeforeTestMethod -->
        <test-method status="PASS" signature="testAddLoginLog()[pri:0, instance:com.smart.lajim.service.UserServiceTest@2b552920]" name="testAddLoginLog" duration-ms="51" started-at="2017-11-08T21:24:06Z" finished-at="2017-11-08T21:24:06Z">
          <reporter-output>
          </reporter-output>
        </test-method> <!-- testAddLoginLog -->
        <test-method status="PASS" signature="testHasMatchUser()[pri:0, instance:com.smart.lajim.service.UserServiceTest@2b552920]" name="testHasMatchUser" duration-ms="26" started-at="2017-11-08T21:24:06Z" finished-at="2017-11-08T21:24:06Z">
          <reporter-output>
          </reporter-output>
        </test-method> <!-- testHasMatchUser -->
        <test-method status="PASS" signature="testFindUserByUserName()[pri:0, instance:com.smart.lajim.service.UserServiceTest@2b552920]" name="testFindUserByUserName" duration-ms="112" started-at="2017-11-08T21:24:06Z" finished-at="2017-11-08T21:24:06Z">
          <reporter-output>
          </reporter-output>
        </test-method> <!-- testFindUserByUserName -->
        <test-method status="PASS" signature="springTestContextAfterTestMethod(java.lang.reflect.Method)[pri:0, instance:com.smart.lajim.service.UserServiceTest@2b552920]" name="springTestContextAfterTestMethod" is-config="true" duration-ms="5" started-at="2017-11-08T21:24:06Z" finished-at="2017-11-08T21:24:06Z">
          <params>
            <param index="0">
              <value>
                <![CDATA[public void com.smart.lajim.service.UserServiceTest.testHasMatchUser()]]>
              </value>
            </param>
          </params>
          <reporter-output>
          </reporter-output>
        </test-method> <!-- springTestContextAfterTestMethod -->
        <test-method status="PASS" signature="springTestContextAfterTestMethod(java.lang.reflect.Method)[pri:0, instance:com.smart.lajim.service.UserServiceTest@2b552920]" name="springTestContextAfterTestMethod" is-config="true" duration-ms="17" started-at="2017-11-08T21:24:06Z" finished-at="2017-11-08T21:24:06Z">
          <params>
            <param index="0">
              <value>
                <![CDATA[public void com.smart.lajim.service.UserServiceTest.testAddLoginLog()]]>
              </value>
            </param>
          </params>
          <reporter-output>
          </reporter-output>
        </test-method> <!-- springTestContextAfterTestMethod -->
        <test-method status="PASS" signature="springTestContextAfterTestMethod(java.lang.reflect.Method)[pri:0, instance:com.smart.lajim.service.UserServiceTest@2b552920]" name="springTestContextAfterTestMethod" is-config="true" duration-ms="2" started-at="2017-11-08T21:24:06Z" finished-at="2017-11-08T21:24:06Z">
          <params>
            <param index="0">
              <value>
                <![CDATA[public void com.smart.lajim.service.UserServiceTest.testFindUserByUserName() throws java.lang.Exception]]>
              </value>
            </param>
          </params>
          <reporter-output>
          </reporter-output>
        </test-method> <!-- springTestContextAfterTestMethod -->
        <test-method status="PASS" signature="springTestContextAfterTestClass()[pri:0, instance:com.smart.lajim.service.UserServiceTest@2b552920]" name="springTestContextAfterTestClass" is-config="true" duration-ms="1" started-at="2017-11-08T21:24:06Z" finished-at="2017-11-08T21:24:06Z">
          <reporter-output>
          </reporter-output>
        </test-method> <!-- springTestContextAfterTestClass -->
      </class> <!-- com.smart.lajim.service.UserServiceTest -->
    </test> <!-- Surefire test -->
  </suite> <!-- Surefire suite -->
</testng-results>
